[ 2023-12-06 19:15:34,816 ] 96 werkzeug - WARNING -  * Debugger is active!
[ 2023-12-06 19:15:34,830 ] 96 werkzeug - INFO -  * Debugger PIN: 111-607-179
[ 2023-12-06 19:15:36,485 ] 96 werkzeug - INFO - 127.0.0.1 - - [06/Dec/2023 19:15:36] "GET / HTTP/1.1" 200 -
[ 2023-12-06 19:15:40,622 ] 96 werkzeug - INFO - 127.0.0.1 - - [06/Dec/2023 19:15:40] "GET /predict HTTP/1.1" 200 -
[ 2023-12-06 19:15:43,071 ] 96 werkzeug - INFO -  * Detected change in 'C:\\Users\\Shrian Singh\\anaconda3\\Lib\\concurrent\\__init__.py', reloading
[ 2023-12-06 19:15:43,071 ] 96 werkzeug - INFO -  * Detected change in 'C:\\Users\\Shrian Singh\\anaconda3\\Lib\\distutils\\__init__.py', reloading
[ 2023-12-06 19:15:43,086 ] 96 werkzeug - INFO -  * Detected change in 'C:\\Users\\Shrian Singh\\anaconda3\\Lib\\idlelib\\__init__.py', reloading
[ 2023-12-06 19:15:43,086 ] 96 werkzeug - INFO -  * Detected change in 'C:\\Users\\Shrian Singh\\anaconda3\\Lib\\lib2to3\\__init__.py', reloading
[ 2023-12-06 19:15:43,086 ] 96 werkzeug - INFO -  * Detected change in 'C:\\Users\\Shrian Singh\\anaconda3\\Lib\\test\\__init__.py', reloading
[ 2023-12-06 19:15:43,086 ] 96 werkzeug - INFO -  * Detected change in 'C:\\Users\\Shrian Singh\\anaconda3\\Lib\\turtledemo\\__init__.py', reloading
[ 2023-12-06 19:15:43,086 ] 96 werkzeug - INFO -  * Detected change in 'C:\\Users\\Shrian Singh\\anaconda3\\Lib\\wsgiref\\__init__.py', reloading
[ 2023-12-06 19:15:43,086 ] 96 werkzeug - INFO -  * Detected change in 'C:\\Users\\Shrian Singh\\anaconda3\\Lib\\xmlrpc\\__init__.py', reloading
[ 2023-12-06 19:15:43,086 ] 96 werkzeug - INFO -  * Detected change in 'C:\\Users\\Shrian Singh\\anaconda3\\Lib\\site-packages\\tinycss2\\__init__.py', reloading
[ 2023-12-06 19:15:43,086 ] 96 werkzeug - INFO -  * Detected change in 'C:\\Users\\Shrian Singh\\anaconda3\\Lib\\site-packages\\absl\\__init__.py', reloading
[ 2023-12-06 19:15:43,086 ] 96 werkzeug - INFO -  * Detected change in 'C:\\Users\\Shrian Singh\\anaconda3\\Lib\\site-packages\\adodbapi\\__init__.py', reloading
[ 2023-12-06 19:15:43,086 ] 96 werkzeug - INFO -  * Detected change in 'C:\\Users\\Shrian Singh\\anaconda3\\Lib\\site-packages\\alabaster\\__init__.py', reloading
[ 2023-12-06 19:15:43,086 ] 96 werkzeug - INFO -  * Detected change in 'C:\\Users\\Shrian Singh\\anaconda3\\Lib\\site-packages\\anaconda_anon_usage\\__init__.py', reloading
[ 2023-12-06 19:15:43,086 ] 96 werkzeug - INFO -  * Detected change in 'C:\\Users\\Shrian Singh\\anaconda3\\Lib\\site-packages\\anaconda_navigator\\__init__.py', reloading
[ 2023-12-06 19:15:43,086 ] 96 werkzeug - INFO -  * Detected change in 'C:\\Users\\Shrian Singh\\anaconda3\\Lib\\site-packages\\anaconda_project\\__init__.py', reloading
[ 2023-12-06 19:15:43,086 ] 96 werkzeug - INFO -  * Detected change in 'C:\\Users\\Shrian Singh\\anaconda3\\Lib\\site-packages\\antlr4\\__init__.py', reloading
[ 2023-12-06 19:15:43,102 ] 96 werkzeug - INFO -  * Detected change in 'C:\\Users\\Shrian Singh\\anaconda3\\Lib\\site-packages\\archspec\\__init__.py', reloading
[ 2023-12-06 19:15:43,102 ] 96 werkzeug - INFO -  * Detected change in 'C:\\Users\\Shrian Singh\\anaconda3\\Lib\\site-packages\\argh\\__init__.py', reloading
[ 2023-12-06 19:15:43,102 ] 96 werkzeug - INFO -  * Detected change in 'C:\\Users\\Shrian Singh\\anaconda3\\Lib\\site-packages\\arrow\\__init__.py', reloading
[ 2023-12-06 19:15:43,102 ] 96 werkzeug - INFO -  * Detected change in 'C:\\Users\\Shrian Singh\\anaconda3\\Lib\\site-packages\\astropy\\__init__.py', reloading
[ 2023-12-06 19:15:43,102 ] 96 werkzeug - INFO -  * Detected change in 'C:\\Users\\Shrian Singh\\anaconda3\\Lib\\site-packages\\astunparse\\__init__.py', reloading
[ 2023-12-06 19:15:43,102 ] 96 werkzeug - INFO -  * Detected change in 'C:\\Users\\Shrian Singh\\anaconda3\\Lib\\site-packages\\atomicwrites\\__init__.py', reloading
[ 2023-12-06 19:15:43,102 ] 96 werkzeug - INFO -  * Detected change in 'C:\\Users\\Shrian Singh\\anaconda3\\Lib\\site-packages\\backcall\\__init__.py', reloading
[ 2023-12-06 19:15:43,102 ] 96 werkzeug - INFO -  * Detected change in 'C:\\Users\\Shrian Singh\\anaconda3\\Lib\\site-packages\\backports\\__init__.py', reloading
[ 2023-12-06 19:15:43,102 ] 96 werkzeug - INFO -  * Detected change in 'C:\\Users\\Shrian Singh\\anaconda3\\Lib\\site-packages\\binaryornot\\__init__.py', reloading
[ 2023-12-06 19:15:43,102 ] 96 werkzeug - INFO -  * Detected change in 'C:\\Users\\Shrian Singh\\anaconda3\\Lib\\site-packages\\binstar_client\\__init__.py', reloading
[ 2023-12-06 19:15:43,102 ] 96 werkzeug - INFO -  * Detected change in 'C:\\Users\\Shrian Singh\\anaconda3\\Lib\\site-packages\\bkcharts\\__init__.py', reloading
[ 2023-12-06 19:15:43,102 ] 96 werkzeug - INFO -  * Detected change in 'C:\\Users\\Shrian Singh\\anaconda3\\Lib\\site-packages\\blackd\\__init__.py', reloading
[ 2023-12-06 19:15:43,102 ] 96 werkzeug - INFO -  * Detected change in 'C:\\Users\\Shrian Singh\\anaconda3\\Lib\\site-packages\\blib2to3\\__init__.py', reloading
[ 2023-12-06 19:15:43,102 ] 96 werkzeug - INFO -  * Detected change in 'C:\\Users\\Shrian Singh\\anaconda3\\Lib\\site-packages\\boto3\\__init__.py', reloading
[ 2023-12-06 19:15:43,118 ] 96 werkzeug - INFO -  * Detected change in 'C:\\Users\\Shrian Singh\\anaconda3\\Lib\\site-packages\\botocore\\__init__.py', reloading
[ 2023-12-06 19:15:43,118 ] 96 werkzeug - INFO -  * Detected change in 'C:\\Users\\Shrian Singh\\anaconda3\\Lib\\site-packages\\bottleneck\\__init__.py', reloading
[ 2023-12-06 19:15:43,118 ] 96 werkzeug - INFO -  * Detected change in 'C:\\Users\\Shrian Singh\\anaconda3\\Lib\\site-packages\\brotli\\__init__.py', reloading
[ 2023-12-06 19:15:43,118 ] 96 werkzeug - INFO -  * Detected change in 'C:\\Users\\Shrian Singh\\anaconda3\\Lib\\site-packages\\cassandra\\__init__.py', reloading
[ 2023-12-06 19:15:43,118 ] 96 werkzeug - INFO -  * Detected change in 'C:\\Users\\Shrian Singh\\anaconda3\\Lib\\site-packages\\click_didyoumean\\__init__.py', reloading
[ 2023-12-06 19:15:43,118 ] 96 werkzeug - INFO -  * Detected change in 'C:\\Users\\Shrian Singh\\anaconda3\\Lib\\site-packages\\click_plugins\\__init__.py', reloading
[ 2023-12-06 19:15:43,118 ] 96 werkzeug - INFO -  * Detected change in 'C:\\Users\\Shrian Singh\\anaconda3\\Lib\\site-packages\\click_repl\\__init__.py', reloading
[ 2023-12-06 19:15:43,118 ] 96 werkzeug - INFO -  * Detected change in 'C:\\Users\\Shrian Singh\\anaconda3\\Lib\\site-packages\\cloudpickle\\__init__.py', reloading
[ 2023-12-06 19:15:43,118 ] 96 werkzeug - INFO -  * Detected change in 'C:\\Users\\Shrian Singh\\anaconda3\\Lib\\site-packages\\clyent\\__init__.py', reloading
[ 2023-12-06 19:15:43,118 ] 96 werkzeug - INFO -  * Detected change in 'C:\\Users\\Shrian Singh\\anaconda3\\Lib\\site-packages\\colorcet\\__init__.py', reloading
[ 2023-12-06 19:15:43,118 ] 96 werkzeug - INFO -  * Detected change in 'C:\\Users\\Shrian Singh\\anaconda3\\Lib\\site-packages\\comtypes\\__init__.py', reloading
[ 2023-12-06 19:15:43,118 ] 96 werkzeug - INFO -  * Detected change in 'C:\\Users\\Shrian Singh\\anaconda3\\Lib\\site-packages\\conda_content_trust\\__init__.py', reloading
[ 2023-12-06 19:15:43,118 ] 96 werkzeug - INFO -  * Detected change in 'C:\\Users\\Shrian Singh\\anaconda3\\Lib\\site-packages\\conda_env\\__init__.py', reloading
[ 2023-12-06 19:15:43,118 ] 96 werkzeug - INFO -  * Detected change in 'C:\\Users\\Shrian Singh\\anaconda3\\Lib\\site-packages\\conda_index\\__init__.py', reloading
[ 2023-12-06 19:15:43,118 ] 96 werkzeug - INFO -  * Detected change in 'C:\\Users\\Shrian Singh\\anaconda3\\Lib\\site-packages\\conda_libmamba_solver\\__init__.py', reloading
[ 2023-12-06 19:15:43,118 ] 96 werkzeug - INFO -  * Detected change in 'C:\\Users\\Shrian Singh\\anaconda3\\Lib\\site-packages\\conda_pack\\__init__.py', reloading
[ 2023-12-06 19:15:43,133 ] 96 werkzeug - INFO -  * Detected change in 'C:\\Users\\Shrian Singh\\anaconda3\\Lib\\site-packages\\conda_package_handling\\__init__.py', reloading
[ 2023-12-06 19:15:43,133 ] 96 werkzeug - INFO -  * Detected change in 'C:\\Users\\Shrian Singh\\anaconda3\\Lib\\site-packages\\conda_package_streaming\\__init__.py', reloading
[ 2023-12-06 19:15:43,133 ] 96 werkzeug - INFO -  * Detected change in 'C:\\Users\\Shrian Singh\\anaconda3\\Lib\\site-packages\\conda_token\\__init__.py', reloading
[ 2023-12-06 19:15:43,133 ] 96 werkzeug - INFO -  * Detected change in 'C:\\Users\\Shrian Singh\\anaconda3\\Lib\\site-packages\\conda_verify\\__init__.py', reloading
[ 2023-12-06 19:15:43,133 ] 96 werkzeug - INFO -  * Detected change in 'C:\\Users\\Shrian Singh\\anaconda3\\Lib\\site-packages\\cookiecutter\\__init__.py', reloading
[ 2023-12-06 19:15:43,133 ] 96 werkzeug - INFO -  * Detected change in 'C:\\Users\\Shrian Singh\\anaconda3\\Lib\\site-packages\\cpuinfo\\__init__.py', reloading
[ 2023-12-06 19:15:43,133 ] 96 werkzeug - INFO -  * Detected change in 'C:\\Users\\Shrian Singh\\anaconda3\\Lib\\site-packages\\cssselect\\__init__.py', reloading
[ 2023-12-06 19:15:43,133 ] 96 werkzeug - INFO -  * Detected change in 'C:\\Users\\Shrian Singh\\anaconda3\\Lib\\site-packages\\curl\\__init__.py', reloading
[ 2023-12-06 19:15:43,133 ] 96 werkzeug - INFO -  * Detected change in 'C:\\Users\\Shrian Singh\\anaconda3\\Lib\\site-packages\\Cython\\__init__.py', reloading
[ 2023-12-06 19:15:43,133 ] 96 werkzeug - INFO -  * Detected change in 'C:\\Users\\Shrian Singh\\anaconda3\\Lib\\site-packages\\cytoolz\\__init__.py', reloading
[ 2023-12-06 19:15:43,133 ] 96 werkzeug - INFO -  * Detected change in 'C:\\Users\\Shrian Singh\\anaconda3\\Lib\\site-packages\\daal4py\\__init__.py', reloading
[ 2023-12-06 19:15:43,133 ] 96 werkzeug - INFO -  * Detected change in 'C:\\Users\\Shrian Singh\\anaconda3\\Lib\\site-packages\\dask\\__init__.py', reloading
[ 2023-12-06 19:15:43,133 ] 96 werkzeug - INFO -  * Detected change in 'C:\\Users\\Shrian Singh\\anaconda3\\Lib\\site-packages\\database_connect\\__init__.py', reloading
[ 2023-12-06 19:15:43,133 ] 96 werkzeug - INFO -  * Detected change in 'C:\\Users\\Shrian Singh\\anaconda3\\Lib\\site-packages\\databricks_cli\\__init__.py', reloading
[ 2023-12-06 19:15:43,133 ] 96 werkzeug - INFO -  * Detected change in 'C:\\Users\\Shrian Singh\\anaconda3\\Lib\\site-packages\\datashader\\__init__.py', reloading
[ 2023-12-06 19:15:43,133 ] 96 werkzeug - INFO -  * Detected change in 'C:\\Users\\Shrian Singh\\anaconda3\\Lib\\site-packages\\datashape\\__init__.py', reloading
[ 2023-12-06 19:15:43,133 ] 96 werkzeug - INFO -  * Detected change in 'C:\\Users\\Shrian Singh\\anaconda3\\Lib\\site-packages\\diff_match_patch\\__init__.py', reloading
[ 2023-12-06 19:15:43,133 ] 96 werkzeug - INFO -  * Detected change in 'C:\\Users\\Shrian Singh\\anaconda3\\Lib\\site-packages\\dill\\__init__.py', reloading
[ 2023-12-06 19:15:43,133 ] 96 werkzeug - INFO -  * Detected change in 'C:\\Users\\Shrian Singh\\anaconda3\\Lib\\site-packages\\distributed\\__init__.py', reloading
[ 2023-12-06 19:15:43,133 ] 96 werkzeug - INFO -  * Detected change in 'C:\\Users\\Shrian Singh\\anaconda3\\Lib\\site-packages\\docker\\__init__.py', reloading
[ 2023-12-06 19:15:43,149 ] 96 werkzeug - INFO -  * Detected change in 'C:\\Users\\Shrian Singh\\anaconda3\\Lib\\site-packages\\docrepr\\__init__.py', reloading
[ 2023-12-06 19:15:43,149 ] 96 werkzeug - INFO -  * Detected change in 'C:\\Users\\Shrian Singh\\anaconda3\\Lib\\site-packages\\dvc\\__init__.py', reloading
[ 2023-12-06 19:15:43,149 ] 96 werkzeug - INFO -  * Detected change in 'C:\\Users\\Shrian Singh\\anaconda3\\Lib\\site-packages\\dvc_http\\__init__.py', reloading
[ 2023-12-06 19:15:43,149 ] 96 werkzeug - INFO -  * Detected change in 'C:\\Users\\Shrian Singh\\anaconda3\\Lib\\site-packages\\dvc_render\\__init__.py', reloading
[ 2023-12-06 19:15:43,149 ] 96 werkzeug - INFO -  * Detected change in 'C:\\Users\\Shrian Singh\\anaconda3\\Lib\\site-packages\\dvc_studio_client\\__init__.py', reloading
[ 2023-12-06 19:15:43,149 ] 96 werkzeug - INFO -  * Detected change in 'C:\\Users\\Shrian Singh\\anaconda3\\Lib\\site-packages\\easydict\\__init__.py', reloading
[ 2023-12-06 19:15:43,149 ] 96 werkzeug - INFO -  * Detected change in 'C:\\Users\\Shrian Singh\\anaconda3\\Lib\\site-packages\\ensure\\__init__.py', reloading
[ 2023-12-06 19:15:43,149 ] 96 werkzeug - INFO -  * Detected change in 'C:\\Users\\Shrian Singh\\anaconda3\\Lib\\site-packages\\erfa\\__init__.py', reloading
[ 2023-12-06 19:15:43,149 ] 96 werkzeug - INFO -  * Detected change in 'C:\\Users\\Shrian Singh\\anaconda3\\Lib\\site-packages\\et_xmlfile\\__init__.py', reloading
[ 2023-12-06 19:15:43,149 ] 96 werkzeug - INFO -  * Detected change in 'C:\\Users\\Shrian Singh\\anaconda3\\Lib\\site-packages\\evidently\\__init__.py', reloading
[ 2023-12-06 19:15:43,149 ] 96 werkzeug - INFO -  * Detected change in 'C:\\Users\\Shrian Singh\\anaconda3\\Lib\\site-packages\\fastcache\\__init__.py', reloading
[ 2023-12-06 19:15:43,149 ] 96 werkzeug - INFO -  * Detected change in 'C:\\Users\\Shrian Singh\\anaconda3\\Lib\\site-packages\\flake8\\__init__.py', reloading
[ 2023-12-06 19:15:43,149 ] 96 werkzeug - INFO -  * Detected change in 'C:\\Users\\Shrian Singh\\anaconda3\\Lib\\site-packages\\flatbuffers\\__init__.py', reloading
[ 2023-12-06 19:15:43,149 ] 96 werkzeug - INFO -  * Detected change in 'C:\\Users\\Shrian Singh\\anaconda3\\Lib\\site-packages\\from_root\\__init__.py', reloading
[ 2023-12-06 19:15:43,149 ] 96 werkzeug - INFO -  * Detected change in 'C:\\Users\\Shrian Singh\\anaconda3\\Lib\\site-packages\\functorch\\__init__.py', reloading
[ 2023-12-06 19:15:43,149 ] 96 werkzeug - INFO -  * Detected change in 'C:\\Users\\Shrian Singh\\anaconda3\\Lib\\site-packages\\future\\__init__.py', reloading
[ 2023-12-06 19:15:43,149 ] 96 werkzeug - INFO -  * Detected change in 'C:\\Users\\Shrian Singh\\anaconda3\\Lib\\site-packages\\gast\\__init__.py', reloading
[ 2023-12-06 19:15:43,149 ] 96 werkzeug - INFO -  * Detected change in 'C:\\Users\\Shrian Singh\\anaconda3\\Lib\\site-packages\\gdown\\__init__.py', reloading
[ 2023-12-06 19:15:43,149 ] 96 werkzeug - INFO -  * Detected change in 'C:\\Users\\Shrian Singh\\anaconda3\\Lib\\site-packages\\gensim\\__init__.py', reloading
[ 2023-12-06 19:15:43,149 ] 96 werkzeug - INFO -  * Detected change in 'C:\\Users\\Shrian Singh\\anaconda3\\Lib\\site-packages\\geomet\\__init__.py', reloading
[ 2023-12-06 19:15:43,165 ] 96 werkzeug - INFO -  * Detected change in 'C:\\Users\\Shrian Singh\\anaconda3\\Lib\\site-packages\\gitdb\\__init__.py', reloading
[ 2023-12-06 19:15:43,165 ] 96 werkzeug - INFO -  * Detected change in 'C:\\Users\\Shrian Singh\\anaconda3\\Lib\\site-packages\\glob2\\__init__.py', reloading
[ 2023-12-06 19:15:43,165 ] 96 werkzeug - INFO -  * Detected change in 'C:\\Users\\Shrian Singh\\anaconda3\\Lib\\site-packages\\gmpy2\\__init__.py', reloading
[ 2023-12-06 19:15:43,165 ] 96 werkzeug - INFO -  * Detected change in 'C:\\Users\\Shrian Singh\\anaconda3\\Lib\\site-packages\\h5py\\__init__.py', reloading
[ 2023-12-06 19:15:43,165 ] 96 werkzeug - INFO -  * Detected change in 'C:\\Users\\Shrian Singh\\anaconda3\\Lib\\site-packages\\htmlmin\\__init__.py', reloading
[ 2023-12-06 19:15:43,165 ] 96 werkzeug - INFO -  * Detected change in 'C:\\Users\\Shrian Singh\\anaconda3\\Lib\\site-packages\\hvplot\\__init__.py', reloading
[ 2023-12-06 19:15:43,165 ] 96 werkzeug - INFO -  * Detected change in 'C:\\Users\\Shrian Singh\\anaconda3\\Lib\\site-packages\\imageio\\__init__.py', reloading
[ 2023-12-06 19:15:43,165 ] 96 werkzeug - INFO -  * Detected change in 'C:\\Users\\Shrian Singh\\anaconda3\\Lib\\site-packages\\intervaltree\\__init__.py', reloading
[ 2023-12-06 19:15:43,165 ] 96 werkzeug - INFO -  * Detected change in 'C:\\Users\\Shrian Singh\\anaconda3\\Lib\\site-packages\\ipyparallel\\__init__.py', reloading
[ 2023-12-06 19:15:43,165 ] 96 werkzeug - INFO -  * Detected change in 'C:\\Users\\Shrian Singh\\anaconda3\\Lib\\site-packages\\ipython_genutils\\__init__.py', reloading
[ 2023-12-06 19:15:43,165 ] 96 werkzeug - INFO -  * Detected change in 'C:\\Users\\Shrian Singh\\anaconda3\\Lib\\site-packages\\ipywidgets\\__init__.py', reloading
[ 2023-12-06 19:15:43,165 ] 96 werkzeug - INFO -  * Detected change in 'C:\\Users\\Shrian Singh\\anaconda3\\Lib\\site-packages\\itemadapter\\__init__.py', reloading
[ 2023-12-06 19:15:43,165 ] 96 werkzeug - INFO -  * Detected change in 'C:\\Users\\Shrian Singh\\anaconda3\\Lib\\site-packages\\itemloaders\\__init__.py', reloading
[ 2023-12-06 19:15:43,165 ] 96 werkzeug - INFO -  * Detected change in 'C:\\Users\\Shrian Singh\\anaconda3\\Lib\\site-packages\\iterative_telemetry\\__init__.py', reloading
[ 2023-12-06 19:15:43,165 ] 96 werkzeug - INFO -  * Detected change in 'C:\\Users\\Shrian Singh\\anaconda3\\Lib\\site-packages\\jedi\\__init__.py', reloading
[ 2023-12-06 19:15:43,165 ] 96 werkzeug - INFO -  * Detected change in 'C:\\Users\\Shrian Singh\\anaconda3\\Lib\\site-packages\\jupyterlab\\__init__.py', reloading
[ 2023-12-06 19:15:43,165 ] 96 werkzeug - INFO -  * Detected change in 'C:\\Users\\Shrian Singh\\anaconda3\\Lib\\site-packages\\jupyterlab_plotly\\__init__.py', reloading
[ 2023-12-06 19:15:43,165 ] 96 werkzeug - INFO -  * Detected change in 'C:\\Users\\Shrian Singh\\anaconda3\\Lib\\site-packages\\jupyterlab_pygments\\__init__.py', reloading
[ 2023-12-06 19:15:43,165 ] 96 werkzeug - INFO -  * Detected change in 'C:\\Users\\Shrian Singh\\anaconda3\\Lib\\site-packages\\jupyter_console\\__init__.py', reloading
[ 2023-12-06 19:15:43,180 ] 96 werkzeug - INFO -  * Detected change in 'C:\\Users\\Shrian Singh\\anaconda3\\Lib\\site-packages\\jupyter_lsp\\__init__.py', reloading
[ 2023-12-06 19:15:43,180 ] 96 werkzeug - INFO -  * Detected change in 'C:\\Users\\Shrian Singh\\anaconda3\\Lib\\site-packages\\jupyter_server_ydoc\\__init__.py', reloading
[ 2023-12-06 19:15:43,180 ] 96 werkzeug - INFO -  * Detected change in 'C:\\Users\\Shrian Singh\\anaconda3\\Lib\\site-packages\\jupyter_telemetry\\__init__.py', reloading
[ 2023-12-06 19:15:43,180 ] 96 werkzeug - INFO -  * Detected change in 'C:\\Users\\Shrian Singh\\anaconda3\\Lib\\site-packages\\jupyter_ydoc\\__init__.py', reloading
[ 2023-12-06 19:15:43,180 ] 96 werkzeug - INFO -  * Detected change in 'C:\\Users\\Shrian Singh\\anaconda3\\Lib\\site-packages\\keras\\__init__.py', reloading
[ 2023-12-06 19:15:43,180 ] 96 werkzeug - INFO -  * Detected change in 'C:\\Users\\Shrian Singh\\anaconda3\\Lib\\site-packages\\keras_preprocessing\\__init__.py', reloading
[ 2023-12-06 19:15:43,180 ] 96 werkzeug - INFO -  * Detected change in 'C:\\Users\\Shrian Singh\\anaconda3\\Lib\\site-packages\\kneed\\__init__.py', reloading
[ 2023-12-06 19:15:43,180 ] 96 werkzeug - INFO -  * Detected change in 'C:\\Users\\Shrian Singh\\anaconda3\\Lib\\site-packages\\libfuturize\\__init__.py', reloading
[ 2023-12-06 19:15:43,180 ] 96 werkzeug - INFO -  * Detected change in 'C:\\Users\\Shrian Singh\\anaconda3\\Lib\\site-packages\\libmambapy\\__init__.py', reloading
[ 2023-12-06 19:15:43,180 ] 96 werkzeug - INFO -  * Detected change in 'C:\\Users\\Shrian Singh\\anaconda3\\Lib\\site-packages\\libpasteurize\\__init__.py', reloading
[ 2023-12-06 19:15:43,180 ] 96 werkzeug - INFO -  * Detected change in 'C:\\Users\\Shrian Singh\\anaconda3\\Lib\\site-packages\\llvmlite\\__init__.py', reloading
[ 2023-12-06 19:15:43,180 ] 96 werkzeug - INFO -  * Detected change in 'C:\\Users\\Shrian Singh\\anaconda3\\Lib\\site-packages\\lxml\\__init__.py', reloading
[ 2023-12-06 19:15:43,180 ] 96 werkzeug - INFO -  * Detected change in 'C:\\Users\\Shrian Singh\\anaconda3\\Lib\\site-packages\\mako\\__init__.py', reloading
[ 2023-12-06 19:15:43,180 ] 96 werkzeug - INFO -  * Detected change in 'C:\\Users\\Shrian Singh\\anaconda3\\Lib\\site-packages\\matplotlib\\compat\\__init__.py', reloading
[ 2023-12-06 19:15:43,180 ] 96 werkzeug - INFO -  * Detected change in 'C:\\Users\\Shrian Singh\\anaconda3\\Lib\\site-packages\\matplotlib\\pylab.py', reloading
[ 2023-12-06 19:15:43,180 ] 96 werkzeug - INFO -  * Detected change in 'C:\\Users\\Shrian Singh\\anaconda3\\Lib\\site-packages\\matplotlib\\tests\\__init__.py', reloading
[ 2023-12-06 19:15:43,180 ] 96 werkzeug - INFO -  * Detected change in 'C:\\Users\\Shrian Singh\\anaconda3\\Lib\\site-packages\\matplotlib\\tight_bbox.py', reloading
[ 2023-12-06 19:15:43,180 ] 96 werkzeug - INFO -  * Detected change in 'C:\\Users\\Shrian Singh\\anaconda3\\Lib\\site-packages\\matplotlib\\ttconv.py', reloading
[ 2023-12-06 19:15:43,180 ] 96 werkzeug - INFO -  * Detected change in 'C:\\Users\\Shrian Singh\\anaconda3\\Lib\\site-packages\\matplotlib_inline\\__init__.py', reloading
[ 2023-12-06 19:15:43,180 ] 96 werkzeug - INFO -  * Detected change in 'C:\\Users\\Shrian Singh\\anaconda3\\Lib\\site-packages\\menuinst\\__init__.py', reloading
[ 2023-12-06 19:15:43,180 ] 96 werkzeug - INFO -  * Detected change in 'C:\\Users\\Shrian Singh\\anaconda3\\Lib\\site-packages\\mkl\\__init__.py', reloading
[ 2023-12-06 19:15:43,196 ] 96 werkzeug - INFO -  * Detected change in 'C:\\Users\\Shrian Singh\\anaconda3\\Lib\\site-packages\\mkl_random\\__init__.py', reloading
[ 2023-12-06 19:15:43,196 ] 96 werkzeug - INFO -  * Detected change in 'C:\\Users\\Shrian Singh\\anaconda3\\Lib\\site-packages\\mpmath\\__init__.py', reloading
[ 2023-12-06 19:15:43,196 ] 96 werkzeug - INFO -  * Detected change in 'C:\\Users\\Shrian Singh\\anaconda3\\Lib\\site-packages\\msgpack\\__init__.py', reloading
[ 2023-12-06 19:15:43,196 ] 96 werkzeug - INFO -  * Detected change in 'C:\\Users\\Shrian Singh\\anaconda3\\Lib\\site-packages\\multipart\\__init__.py', reloading
[ 2023-12-06 19:15:43,196 ] 96 werkzeug - INFO -  * Detected change in 'C:\\Users\\Shrian Singh\\anaconda3\\Lib\\site-packages\\multipledispatch\\__init__.py', reloading
[ 2023-12-06 19:15:43,196 ] 96 werkzeug - INFO -  * Detected change in 'C:\\Users\\Shrian Singh\\anaconda3\\Lib\\site-packages\\navigator_updater\\__init__.py', reloading
[ 2023-12-06 19:15:43,196 ] 96 werkzeug - INFO -  * Detected change in 'C:\\Users\\Shrian Singh\\anaconda3\\Lib\\site-packages\\nbclassic\\__init__.py', reloading
[ 2023-12-06 19:15:43,196 ] 96 werkzeug - INFO -  * Detected change in 'C:\\Users\\Shrian Singh\\anaconda3\\Lib\\site-packages\\nbclient\\__init__.py', reloading
[ 2023-12-06 19:15:43,196 ] 96 werkzeug - INFO -  * Detected change in 'C:\\Users\\Shrian Singh\\anaconda3\\Lib\\site-packages\\neuro_mf\\__init__.py', reloading
[ 2023-12-06 19:15:43,196 ] 96 werkzeug - INFO -  * Detected change in 'C:\\Users\\Shrian Singh\\anaconda3\\Lib\\site-packages\\nltk\\__init__.py', reloading
[ 2023-12-06 19:15:43,196 ] 96 werkzeug - INFO -  * Detected change in 'C:\\Users\\Shrian Singh\\anaconda3\\Lib\\site-packages\\notebook\\__init__.py', reloading
[ 2023-12-06 19:15:43,196 ] 96 werkzeug - INFO -  * Detected change in 'C:\\Users\\Shrian Singh\\anaconda3\\Lib\\site-packages\\notebook_shim\\__init__.py', reloading
[ 2023-12-06 19:15:43,196 ] 96 werkzeug - INFO -  * Detected change in 'C:\\Users\\Shrian Singh\\anaconda3\\Lib\\site-packages\\np_utils\\__init__.py', reloading
[ 2023-12-06 19:15:43,196 ] 96 werkzeug - INFO -  * Detected change in 'C:\\Users\\Shrian Singh\\anaconda3\\Lib\\site-packages\\numexpr\\__init__.py', reloading
[ 2023-12-06 19:15:43,196 ] 96 werkzeug - INFO -  * Detected change in 'C:\\Users\\Shrian Singh\\anaconda3\\Lib\\site-packages\\numpydoc\\__init__.py', reloading
[ 2023-12-06 19:15:43,196 ] 96 werkzeug - INFO -  * Detected change in 'C:\\Users\\Shrian Singh\\anaconda3\\Lib\\site-packages\\opt_einsum\\__init__.py', reloading
[ 2023-12-06 19:15:43,196 ] 96 werkzeug - INFO -  * Detected change in 'C:\\Users\\Shrian Singh\\anaconda3\\Lib\\site-packages\\param\\__init__.py', reloading
[ 2023-12-06 19:15:43,196 ] 96 werkzeug - INFO -  * Detected change in 'C:\\Users\\Shrian Singh\\anaconda3\\Lib\\site-packages\\parsel\\__init__.py', reloading
[ 2023-12-06 19:15:43,196 ] 96 werkzeug - INFO -  * Detected change in 'C:\\Users\\Shrian Singh\\anaconda3\\Lib\\site-packages\\parso\\__init__.py', reloading
[ 2023-12-06 19:15:43,211 ] 96 werkzeug - INFO -  * Detected change in 'C:\\Users\\Shrian Singh\\anaconda3\\Lib\\site-packages\\partd\\__init__.py', reloading
[ 2023-12-06 19:15:43,211 ] 96 werkzeug - INFO -  * Detected change in 'C:\\Users\\Shrian Singh\\anaconda3\\Lib\\site-packages\\past\\__init__.py', reloading
[ 2023-12-06 19:15:43,211 ] 96 werkzeug - INFO -  * Detected change in 'C:\\Users\\Shrian Singh\\anaconda3\\Lib\\site-packages\\pasta\\__init__.py', reloading
[ 2023-12-06 19:15:43,211 ] 96 werkzeug - INFO -  * Detected change in 'C:\\Users\\Shrian Singh\\anaconda3\\Lib\\site-packages\\phik\\__init__.py', reloading
[ 2023-12-06 19:15:43,211 ] 96 werkzeug - INFO -  * Detected change in 'C:\\Users\\Shrian Singh\\anaconda3\\Lib\\site-packages\\ptyprocess\\__init__.py', reloading
[ 2023-12-06 19:15:43,211 ] 96 werkzeug - INFO -  * Detected change in 'C:\\Users\\Shrian Singh\\anaconda3\\Lib\\site-packages\\pyarrow\\__init__.py', reloading
[ 2023-12-06 19:15:43,211 ] 96 werkzeug - INFO -  * Detected change in 'C:\\Users\\Shrian Singh\\anaconda3\\Lib\\site-packages\\pyasn1_modules\\__init__.py', reloading
[ 2023-12-06 19:15:43,211 ] 96 werkzeug - INFO -  * Detected change in 'C:\\Users\\Shrian Singh\\anaconda3\\Lib\\site-packages\\pyct\\__init__.py', reloading
[ 2023-12-06 19:15:43,211 ] 96 werkzeug - INFO -  * Detected change in 'C:\\Users\\Shrian Singh\\anaconda3\\Lib\\site-packages\\pydevd_plugins\\__init__.py', reloading
[ 2023-12-06 19:15:43,211 ] 96 werkzeug - INFO -  * Detected change in 'C:\\Users\\Shrian Singh\\anaconda3\\Lib\\site-packages\\pydispatch\\__init__.py', reloading
[ 2023-12-06 19:15:43,211 ] 96 werkzeug - INFO -  * Detected change in 'C:\\Users\\Shrian Singh\\anaconda3\\Lib\\site-packages\\pydocstyle\\__init__.py', reloading
[ 2023-12-06 19:15:43,211 ] 96 werkzeug - INFO -  * Detected change in 'C:\\Users\\Shrian Singh\\anaconda3\\Lib\\site-packages\\pygit2\\__init__.py', reloading
[ 2023-12-06 19:15:43,211 ] 96 werkzeug - INFO -  * Detected change in 'C:\\Users\\Shrian Singh\\anaconda3\\Lib\\site-packages\\pylint_plugins\\__init__.py', reloading
[ 2023-12-06 19:15:43,211 ] 96 werkzeug - INFO -  * Detected change in 'C:\\Users\\Shrian Singh\\anaconda3\\Lib\\site-packages\\pyls_spyder\\__init__.py', reloading
[ 2023-12-06 19:15:43,211 ] 96 werkzeug - INFO -  * Detected change in 'C:\\Users\\Shrian Singh\\anaconda3\\Lib\\site-packages\\PyQt5\\__init__.py', reloading
[ 2023-12-06 19:15:43,211 ] 96 werkzeug - INFO -  * Detected change in 'C:\\Users\\Shrian Singh\\anaconda3\\Lib\\site-packages\\pyreadline\\__init__.py', reloading
[ 2023-12-06 19:15:43,211 ] 96 werkzeug - INFO -  * Detected change in 'C:\\Users\\Shrian Singh\\anaconda3\\Lib\\site-packages\\pyviz_comms\\__init__.py', reloading
[ 2023-12-06 19:15:43,211 ] 96 werkzeug - INFO -  * Detected change in 'C:\\Users\\Shrian Singh\\anaconda3\\Lib\\site-packages\\pyximport\\__init__.py', reloading
[ 2023-12-06 19:15:43,211 ] 96 werkzeug - INFO -  * Detected change in 'C:\\Users\\Shrian Singh\\anaconda3\\Lib\\site-packages\\qdarkstyle\\__init__.py', reloading
[ 2023-12-06 19:15:43,211 ] 96 werkzeug - INFO -  * Detected change in 'C:\\Users\\Shrian Singh\\anaconda3\\Lib\\site-packages\\qstylizer\\__init__.py', reloading
[ 2023-12-06 19:15:43,227 ] 96 werkzeug - INFO -  * Detected change in 'C:\\Users\\Shrian Singh\\anaconda3\\Lib\\site-packages\\qtawesome\\__init__.py', reloading
[ 2023-12-06 19:15:43,227 ] 96 werkzeug - INFO -  * Detected change in 'C:\\Users\\Shrian Singh\\anaconda3\\Lib\\site-packages\\qtconsole\\__init__.py', reloading
[ 2023-12-06 19:15:43,227 ] 96 werkzeug - INFO -  * Detected change in 'C:\\Users\\Shrian Singh\\anaconda3\\Lib\\site-packages\\queuelib\\__init__.py', reloading
[ 2023-12-06 19:15:43,227 ] 96 werkzeug - INFO -  * Detected change in 'C:\\Users\\Shrian Singh\\anaconda3\\Lib\\site-packages\\repo_cli\\__init__.py', reloading
[ 2023-12-06 19:15:43,227 ] 96 werkzeug - INFO -  * Detected change in 'C:\\Users\\Shrian Singh\\anaconda3\\Lib\\site-packages\\rope\\__init__.py', reloading
[ 2023-12-06 19:15:43,227 ] 96 werkzeug - INFO -  * Detected change in 'C:\\Users\\Shrian Singh\\anaconda3\\Lib\\site-packages\\ruamel_yaml\\__init__.py', reloading
[ 2023-12-06 19:15:43,227 ] 96 werkzeug - INFO -  * Detected change in 'C:\\Users\\Shrian Singh\\anaconda3\\Lib\\site-packages\\scipy\\conftest.py', reloading
[ 2023-12-06 19:15:43,227 ] 96 werkzeug - INFO -  * Detected change in 'C:\\Users\\Shrian Singh\\anaconda3\\Lib\\site-packages\\scipy\\version.py', reloading
[ 2023-12-06 19:15:43,227 ] 96 werkzeug - INFO -  * Detected change in 'C:\\Users\\Shrian Singh\\anaconda3\\Lib\\site-packages\\seaborn\\__init__.py', reloading
[ 2023-12-06 19:15:43,227 ] 96 werkzeug - INFO -  * Detected change in 'C:\\Users\\Shrian Singh\\anaconda3\\Lib\\site-packages\\sipbuild\\__init__.py', reloading
[ 2023-12-06 19:15:43,227 ] 96 werkzeug - INFO -  * Detected change in 'C:\\Users\\Shrian Singh\\anaconda3\\Lib\\site-packages\\slicer\\__init__.py', reloading
[ 2023-12-06 19:15:43,227 ] 96 werkzeug - INFO -  * Detected change in 'C:\\Users\\Shrian Singh\\anaconda3\\Lib\\site-packages\\smmap\\__init__.py', reloading
[ 2023-12-06 19:15:43,227 ] 96 werkzeug - INFO -  * Detected change in 'C:\\Users\\Shrian Singh\\anaconda3\\Lib\\site-packages\\snappy\\__init__.py', reloading
[ 2023-12-06 19:15:43,227 ] 96 werkzeug - INFO -  * Detected change in 'C:\\Users\\Shrian Singh\\anaconda3\\Lib\\site-packages\\sphinxcontrib\\__init__.py', reloading
[ 2023-12-06 19:15:43,227 ] 96 werkzeug - INFO -  * Detected change in 'C:\\Users\\Shrian Singh\\anaconda3\\Lib\\site-packages\\sphinx_rtd_theme\\__init__.py', reloading
[ 2023-12-06 19:15:43,227 ] 96 werkzeug - INFO -  * Detected change in 'C:\\Users\\Shrian Singh\\anaconda3\\Lib\\site-packages\\spyder\\__init__.py', reloading
[ 2023-12-06 19:15:43,227 ] 96 werkzeug - INFO -  * Detected change in 'C:\\Users\\Shrian Singh\\anaconda3\\Lib\\site-packages\\spyder_kernels\\__init__.py', reloading
[ 2023-12-06 19:15:43,227 ] 96 werkzeug - INFO -  * Detected change in 'C:\\Users\\Shrian Singh\\anaconda3\\Lib\\site-packages\\tensorboard_data_server\\__init__.py', reloading
[ 2023-12-06 19:15:43,227 ] 96 werkzeug - INFO -  * Detected change in 'C:\\Users\\Shrian Singh\\anaconda3\\Lib\\site-packages\\tensorflow_estimator\\__init__.py', reloading
[ 2023-12-06 19:15:43,243 ] 96 werkzeug - INFO -  * Detected change in 'C:\\Users\\Shrian Singh\\anaconda3\\Lib\\site-packages\\tensorflow_io_gcs_filesystem\\__init__.py', reloading
[ 2023-12-06 19:15:43,243 ] 96 werkzeug - INFO -  * Detected change in 'C:\\Users\\Shrian Singh\\anaconda3\\Lib\\site-packages\\testpath\\__init__.py', reloading
[ 2023-12-06 19:15:43,243 ] 96 werkzeug - INFO -  * Detected change in 'C:\\Users\\Shrian Singh\\anaconda3\\Lib\\site-packages\\textdistance\\__init__.py', reloading
[ 2023-12-06 19:15:43,243 ] 96 werkzeug - INFO -  * Detected change in 'C:\\Users\\Shrian Singh\\anaconda3\\Lib\\site-packages\\text_unidecode\\__init__.py', reloading
[ 2023-12-06 19:15:43,243 ] 96 werkzeug - INFO -  * Detected change in 'C:\\Users\\Shrian Singh\\anaconda3\\Lib\\site-packages\\tflearn\\__init__.py', reloading
[ 2023-12-06 19:15:43,243 ] 96 werkzeug - INFO -  * Detected change in 'C:\\Users\\Shrian Singh\\anaconda3\\Lib\\site-packages\\thop\\__init__.py', reloading
[ 2023-12-06 19:15:43,243 ] 96 werkzeug - INFO -  * Detected change in 'C:\\Users\\Shrian Singh\\anaconda3\\Lib\\site-packages\\three_merge\\__init__.py', reloading
[ 2023-12-06 19:15:43,243 ] 96 werkzeug - INFO -  * Detected change in 'C:\\Users\\Shrian Singh\\anaconda3\\Lib\\site-packages\\tinycss\\__init__.py', reloading
[ 2023-12-06 19:15:43,243 ] 96 werkzeug - INFO -  * Detected change in 'C:\\Users\\Shrian Singh\\anaconda3\\Lib\\site-packages\\tlz\\__init__.py', reloading
[ 2023-12-06 19:15:43,243 ] 96 werkzeug - INFO -  * Detected change in 'C:\\Users\\Shrian Singh\\anaconda3\\Lib\\site-packages\\toolz\\__init__.py', reloading
[ 2023-12-06 19:15:43,243 ] 96 werkzeug - INFO -  * Detected change in 'C:\\Users\\Shrian Singh\\anaconda3\\Lib\\site-packages\\torchgen\\__init__.py', reloading
[ 2023-12-06 19:15:43,243 ] 96 werkzeug - INFO -  * Detected change in 'C:\\Users\\Shrian Singh\\anaconda3\\Lib\\site-packages\\torchvision\\__init__.py', reloading
[ 2023-12-06 19:15:43,243 ] 96 werkzeug - INFO -  * Detected change in 'C:\\Users\\Shrian Singh\\anaconda3\\Lib\\site-packages\\transformers\\__init__.py', reloading
[ 2023-12-06 19:15:43,243 ] 96 werkzeug - INFO -  * Detected change in 'C:\\Users\\Shrian Singh\\anaconda3\\Lib\\site-packages\\trio\\__init__.py', reloading
[ 2023-12-06 19:15:43,243 ] 96 werkzeug - INFO -  * Detected change in 'C:\\Users\\Shrian Singh\\anaconda3\\Lib\\site-packages\\typed_ast\\__init__.py', reloading
[ 2023-12-06 19:15:43,243 ] 96 werkzeug - INFO -  * Detected change in 'C:\\Users\\Shrian Singh\\anaconda3\\Lib\\site-packages\\tzdata\\__init__.py', reloading
[ 2023-12-06 19:15:43,243 ] 96 werkzeug - INFO -  * Detected change in 'C:\\Users\\Shrian Singh\\anaconda3\\Lib\\site-packages\\umpy\\__init__.py', reloading
[ 2023-12-06 19:15:43,243 ] 96 werkzeug - INFO -  * Detected change in 'C:\\Users\\Shrian Singh\\anaconda3\\Lib\\site-packages\\unicodecsv\\__init__.py', reloading
[ 2023-12-06 19:15:43,243 ] 96 werkzeug - INFO -  * Detected change in 'C:\\Users\\Shrian Singh\\anaconda3\\Lib\\site-packages\\urwid\\__init__.py', reloading
[ 2023-12-06 19:15:43,243 ] 96 werkzeug - INFO -  * Detected change in 'C:\\Users\\Shrian Singh\\anaconda3\\Lib\\site-packages\\validate\\__init__.py', reloading
[ 2023-12-06 19:15:43,258 ] 96 werkzeug - INFO -  * Detected change in 'C:\\Users\\Shrian Singh\\anaconda3\\Lib\\site-packages\\voluptuous\\__init__.py', reloading
[ 2023-12-06 19:15:43,258 ] 96 werkzeug - INFO -  * Detected change in 'C:\\Users\\Shrian Singh\\anaconda3\\Lib\\site-packages\\w3lib\\__init__.py', reloading
[ 2023-12-06 19:15:43,258 ] 96 werkzeug - INFO -  * Detected change in 'C:\\Users\\Shrian Singh\\anaconda3\\Lib\\site-packages\\webencodings\\__init__.py', reloading
[ 2023-12-06 19:15:43,258 ] 96 werkzeug - INFO -  * Detected change in 'C:\\Users\\Shrian Singh\\anaconda3\\Lib\\site-packages\\websocket\\__init__.py', reloading
[ 2023-12-06 19:15:43,258 ] 96 werkzeug - INFO -  * Detected change in 'C:\\Users\\Shrian Singh\\anaconda3\\Lib\\site-packages\\wheel\\__init__.py', reloading
[ 2023-12-06 19:15:43,258 ] 96 werkzeug - INFO -  * Detected change in 'C:\\Users\\Shrian Singh\\anaconda3\\Lib\\site-packages\\widgetsnbextension\\__init__.py', reloading
[ 2023-12-06 19:15:43,258 ] 96 werkzeug - INFO -  * Detected change in 'C:\\Users\\Shrian Singh\\anaconda3\\Lib\\site-packages\\win32ctypes\\__init__.py', reloading
[ 2023-12-06 19:15:43,258 ] 96 werkzeug - INFO -  * Detected change in 'C:\\Users\\Shrian Singh\\anaconda3\\Lib\\site-packages\\winpty\\__init__.py', reloading
[ 2023-12-06 19:15:43,258 ] 96 werkzeug - INFO -  * Detected change in 'C:\\Users\\Shrian Singh\\anaconda3\\Lib\\site-packages\\win_unicode_console\\__init__.py', reloading
[ 2023-12-06 19:15:43,258 ] 96 werkzeug - INFO -  * Detected change in 'C:\\Users\\Shrian Singh\\anaconda3\\Lib\\site-packages\\wrapt\\__init__.py', reloading
[ 2023-12-06 19:15:43,258 ] 96 werkzeug - INFO -  * Detected change in 'C:\\Users\\Shrian Singh\\anaconda3\\Lib\\site-packages\\xlsxwriter\\__init__.py', reloading
[ 2023-12-06 19:15:43,258 ] 96 werkzeug - INFO -  * Detected change in 'C:\\Users\\Shrian Singh\\anaconda3\\Lib\\site-packages\\xlwt\\__init__.py', reloading
[ 2023-12-06 19:15:43,258 ] 96 werkzeug - INFO -  * Detected change in 'C:\\Users\\Shrian Singh\\anaconda3\\Lib\\site-packages\\yapf\\__init__.py', reloading
[ 2023-12-06 19:15:43,258 ] 96 werkzeug - INFO -  * Detected change in 'C:\\Users\\Shrian Singh\\anaconda3\\Lib\\site-packages\\yapftests\\__init__.py', reloading
[ 2023-12-06 19:15:43,258 ] 96 werkzeug - INFO -  * Detected change in 'C:\\Users\\Shrian Singh\\anaconda3\\Lib\\site-packages\\ypy_websocket\\__init__.py', reloading
[ 2023-12-06 19:15:43,258 ] 96 werkzeug - INFO -  * Detected change in 'C:\\Users\\Shrian Singh\\anaconda3\\Lib\\site-packages\\zope\\__init__.py', reloading
[ 2023-12-06 19:15:43,258 ] 96 werkzeug - INFO -  * Detected change in 'C:\\Users\\Shrian Singh\\anaconda3\\Lib\\site-packages\\pythonwin\\pywin\\__init__.py', reloading
